<?xml version="1.0" encoding="UTF-8"?>
<!-- Generated by org.testng.reporters.JUnitReportReporter -->
<testsuite hostname="JuhiSingh_1511" failures="0" tests="1" name="bikes.Honda" time="3.003" errors="0" timestamp="2024-10-25T13:13:19 IST" skipped="0">
  <testcase classname="bikes.Honda" name="launch" time="3.003"/>
  <system-out>
    <![CDATA[Honda launched successfully]]>
  </system-out>
</testsuite> <!-- bikes.Honda -->
