<?xml version="1.0" encoding="UTF-8"?>
<!-- Generated by org.testng.reporters.JUnitReportReporter -->
<testsuite hostname="JuhiSingh_1511" failures="0" tests="2" name="miniproject.Electronics" time="10.687" errors="0" timestamp="2024-11-05T12:01:51 IST" skipped="0">
  <testcase classname="miniproject.Electronics" name="testScript2" time="4.238"/>
  <system-out>
    <![CDATA[Electronics page displayed
TestScript executed]]>
  </system-out>
  <testcase classname="miniproject.Electronics" name="testScript2" time="6.449"/>
  <system-out>
    <![CDATA[Electronics page displayed
TestScript executed]]>
  </system-out>
</testsuite> <!-- miniproject.Electronics -->
