<?xml version="1.0" encoding="UTF-8"?>
<!-- Generated by org.testng.reporters.JUnitReportReporter -->
<testsuite hostname="JuhiSingh_1511" failures="0" tests="1" name="listeners.TestScript" time="0.016" errors="0" timestamp="2024-10-26T13:33:54 IST" skipped="0">
  <testcase classname="listeners.TestScript" name="login" time="0.016"/>
  <system-out>
    <![CDATA[Launce the browser
Navigate to url
Click on login link
Enter valid credentials
Click on login button
TestScript success]]>
  </system-out>
</testsuite> <!-- listeners.TestScript -->
