<?xml version="1.0" encoding="UTF-8"?>
<!-- Generated by org.testng.reporters.JUnitReportReporter -->
<testsuite hostname="JuhiSingh_1511" failures="0" tests="1" name="bikes.Ducati" time="2.352" errors="0" timestamp="2024-10-25T13:13:19 IST" skipped="0">
  <testcase classname="bikes.Ducati" name="launch" time="2.352"/>
  <system-out>
    <![CDATA[Ducati launched successfully]]>
  </system-out>
</testsuite> <!-- bikes.Ducati -->
