<?xml version="1.0" encoding="UTF-8"?>
<!-- Generated by org.testng.reporters.JUnitReportReporter -->
<testsuite hostname="JuhiSingh_1511" failures="0" tests="1" name="demoappskillrary.TestScript" time="2.033" errors="0" timestamp="2024-10-22T22:16:46 IST" skipped="0">
  <testcase classname="demoappskillrary.TestScript" name="demoApp" time="2.033"/>
  <system-out>
    <![CDATA[Sales History is not displayed]]>
  </system-out>
</testsuite> <!-- demoappskillrary.TestScript -->
