<?xml version="1.0" encoding="UTF-8"?>
<!-- Generated by org.testng.reporters.JUnitReportReporter -->
<testsuite hostname="JuhiSingh_1511" failures="0" tests="2" name="testng.ConfigurationAnnotations" time="0.027" errors="0" timestamp="2024-10-19T13:44:20 IST" skipped="0">
  <testcase classname="testng.ConfigurationAnnotations" name="sample" time="0.009"/>
  <system-out>
    <![CDATA[Test sample executed]]>
  </system-out>
  <testcase classname="testng.ConfigurationAnnotations" name="demo" time="0.018"/>
  <system-out>
    <![CDATA[Test demo executed]]>
  </system-out>
</testsuite> <!-- testng.ConfigurationAnnotations -->
