<?xml version="1.0" encoding="UTF-8"?>
<!-- Generated by org.testng.reporters.JUnitReportReporter -->
<testsuite hostname="JuhiSingh_1511" failures="0" tests="3" name="testng.Sample" time="0.030" errors="0" timestamp="2024-10-17T12:58:34 IST" skipped="0">
  <testcase classname="testng.Sample" name="add" time="0.023"/>
  <system-out>
    <![CDATA[welcome3]]>
  </system-out>
  <testcase classname="testng.Sample" name="sample" time="0.004"/>
  <system-out>
    <![CDATA[welcome1]]>
  </system-out>
  <testcase classname="testng.Sample" name="demo" time="0.003"/>
  <system-out>
    <![CDATA[welcome2]]>
  </system-out>
</testsuite> <!-- testng.Sample -->
