<?xml version="1.0" encoding="UTF-8"?>
<!-- Generated by org.testng.reporters.JUnitReportReporter -->
<testsuite hostname="JuhiSingh_1511" failures="0" tests="5" name="testng.AnnotationAttributeInvocationCount" time="126.948" errors="0" timestamp="2024-10-17T13:38:45 IST" skipped="0">
  <testcase classname="testng.AnnotationAttributeInvocationCount" name="register" time="10.852"/>
  <system-out>
    <![CDATA[Register successfull]]>
  </system-out>
  <testcase classname="testng.AnnotationAttributeInvocationCount" name="login" time="9.376"/>
  <system-out>
    <![CDATA[Login successfull]]>
  </system-out>
  <testcase classname="testng.AnnotationAttributeInvocationCount" name="login" time="10.956"/>
  <system-out>
    <![CDATA[Login successfull]]>
  </system-out>
  <testcase classname="testng.AnnotationAttributeInvocationCount" name="login" time="84.333"/>
  <system-out>
    <![CDATA[Login successfull]]>
  </system-out>
  <testcase classname="testng.AnnotationAttributeInvocationCount" name="login" time="11.431"/>
  <system-out>
    <![CDATA[Login successfull]]>
  </system-out>
</testsuite> <!-- testng.AnnotationAttributeInvocationCount -->
