<?xml version="1.0" encoding="UTF-8"?>
<!-- Generated by org.testng.reporters.JUnitReportReporter -->
<testsuite hostname="JuhiSingh_1511" failures="0" tests="2" name="testng.AnnotationAttributes" time="130.349" errors="0" timestamp="2024-10-17T13:18:05 IST" skipped="0">
  <testcase classname="testng.AnnotationAttributes" name="register" time="126.084"/>
  <system-out>
    <![CDATA[Register successfull]]>
  </system-out>
  <testcase classname="testng.AnnotationAttributes" name="login" time="4.265"/>
  <system-out>
    <![CDATA[Login successfull]]>
  </system-out>
</testsuite> <!-- testng.AnnotationAttributes -->
