<?xml version="1.0" encoding="UTF-8"?>
<!-- Generated by org.testng.reporters.JUnitReportReporter -->
<testsuite hostname="JuhiSingh_1511" failures="0" tests="2" name="miniproject.Books" time="8.355" errors="0" timestamp="2024-11-05T12:01:52 IST" skipped="0">
  <testcase classname="miniproject.Books" name="testScript" time="4.455"/>
  <system-out>
    <![CDATA[Books page displayed
TestScript executed]]>
  </system-out>
  <testcase classname="miniproject.Books" name="testScript" time="3.900"/>
  <system-out>
    <![CDATA[Books page displayed
TestScript executed]]>
  </system-out>
</testsuite> <!-- miniproject.Books -->
