<?xml version="1.0" encoding="UTF-8"?>
<!-- Generated by org.testng.reporters.JUnitReportReporter -->
<testsuite hostname="JuhiSingh_1511" failures="0" tests="1" name="bikes.Jawa" time="5.404" errors="0" timestamp="2024-10-25T13:13:19 IST" skipped="0">
  <testcase classname="bikes.Jawa" name="launch" time="5.404"/>
  <system-out>
    <![CDATA[Jawa launched successfully]]>
  </system-out>
</testsuite> <!-- bikes.Jawa -->
