<?xml version="1.0" encoding="UTF-8"?>
<!-- Generated by org.testng.reporters.JUnitReportReporter -->
<testsuite hostname="JuhiSingh_1511" failures="0" tests="1" name="assertion.JavaCondition" time="9.869" errors="0" timestamp="2024-10-23T13:21:06 IST" skipped="0">
  <testcase classname="assertion.JavaCondition" name="login" time="9.869"/>
  <system-out>
    <![CDATA[Welcome page is displayed
Login page is displayed
Home page is displayed]]>
  </system-out>
</testsuite> <!-- assertion.JavaCondition -->
