<?xml version="1.0" encoding="UTF-8"?>
<!-- Generated by org.testng.reporters.JUnitReportReporter -->
<testsuite hostname="JuhiSingh_1511" failures="0" tests="1" name="crossbrowser.TestScriptDemoSkillrary" time="4.725" errors="0" timestamp="2024-10-26T12:10:25 IST" skipped="0">
  <testcase classname="crossbrowser.TestScriptDemoSkillrary" name="salesLink" time="4.725"/>
  <system-out>
    <![CDATA[User is able to click on Sales link successfully]]>
  </system-out>
</testsuite> <!-- crossbrowser.TestScriptDemoSkillrary -->
