<?xml version="1.0" encoding="UTF-8"?>
<!-- Generated by org.testng.reporters.JUnitReportReporter -->
<testsuite hostname="JuhiSingh_1511" failures="0" tests="1" name="carsbikes.Audi" time="8.144" errors="0" timestamp="2024-10-25T13:12:28 IST" skipped="0">
  <testcase classname="carsbikes.Audi" name="launch" time="8.144"/>
  <system-out>
    <![CDATA[Audi launched successfully]]>
  </system-out>
</testsuite> <!-- carsbikes.Audi -->
