<?xml version="1.0" encoding="UTF-8"?>
<!-- Generated by org.testng.reporters.JUnitReportReporter -->
<testsuite hostname="JuhiSingh_1511" failures="0" tests="1" name="carsbikes.RollsRoyce" time="3.694" errors="0" timestamp="2024-10-25T13:12:28 IST" skipped="0">
  <testcase classname="carsbikes.RollsRoyce" name="launch" time="3.694"/>
  <system-out>
    <![CDATA[RollsRyoce launched successfully]]>
  </system-out>
</testsuite> <!-- carsbikes.RollsRoyce -->
