<?xml version="1.0" encoding="UTF-8"?>
<!-- Generated by org.testng.reporters.JUnitReportReporter -->
<testsuite hostname="JuhiSingh_1511" failures="0" tests="1" name="carsbikes.Ferrari" time="2.847" errors="0" timestamp="2024-10-25T13:12:28 IST" skipped="0">
  <testcase classname="carsbikes.Ferrari" name="launch" time="2.847"/>
  <system-out>
    <![CDATA[Ferrari launched successfully]]>
  </system-out>
</testsuite> <!-- carsbikes.Ferrari -->
