<?xml version="1.0" encoding="UTF-8"?>
<!-- Generated by org.testng.reporters.JUnitReportReporter -->
<testsuite hostname="JuhiSingh_1511" failures="0" tests="1" name="assertion.Assig1" time="12.424" errors="0" timestamp="2024-10-24T10:34:05 IST" skipped="0">
  <testcase classname="assertion.Assig1" name="testScript" time="12.424"/>
  <system-out>
    <![CDATA[home page is not visible
'Login to your account' Displayed
 Logged in as user Displayed]]>
  </system-out>
</testsuite> <!-- assertion.Assig1 -->
