<?xml version="1.0" encoding="UTF-8"?>
<!-- Generated by org.testng.reporters.JUnitReportReporter -->
<testsuite hostname="JuhiSingh_1511" failures="0" tests="3" name="crossbrowser.ToLearnCrossBrowserTesting" time="24.697" errors="0" timestamp="2024-10-25T14:03:04 IST" skipped="0">
  <testcase classname="crossbrowser.ToLearnCrossBrowserTesting" name="launch" time="9.692"/>
  <system-out/>
  <testcase classname="crossbrowser.ToLearnCrossBrowserTesting" name="launch" time="8.630"/>
  <system-out/>
  <testcase classname="crossbrowser.ToLearnCrossBrowserTesting" name="launch" time="6.375"/>
  <system-out/>
</testsuite> <!-- crossbrowser.ToLearnCrossBrowserTesting -->
