<?xml version="1.0" encoding="UTF-8"?>
<!-- Generated by org.testng.reporters.JUnitReportReporter -->
<testsuite hostname="JuhiSingh_1511" failures="0" tests="6" name="testng.Assig1" time="0.018" errors="0" timestamp="2024-10-17T19:40:08 IST" skipped="0">
  <testcase classname="testng.Assig1" name="createAccount" time="0.007"/>
  <system-out>
    <![CDATA[Account created successfully]]>
  </system-out>
  <testcase classname="testng.Assig1" name="createAccount" time="0.000"/>
  <system-out>
    <![CDATA[Account created successfully]]>
  </system-out>
  <testcase classname="testng.Assig1" name="editAccount" time="0.004"/>
  <system-out>
    <![CDATA[Account updated successfully]]>
  </system-out>
  <testcase classname="testng.Assig1" name="editAccount" time="0.002"/>
  <system-out>
    <![CDATA[Account updated successfully]]>
  </system-out>
  <testcase classname="testng.Assig1" name="editAccount" time="0.003"/>
  <system-out>
    <![CDATA[Account updated successfully]]>
  </system-out>
  <testcase classname="testng.Assig1" name="deleteAccount" time="0.002"/>
  <system-out>
    <![CDATA[Account deleted successfully]]>
  </system-out>
</testsuite> <!-- testng.Assig1 -->
