<?xml version="1.0" encoding="UTF-8"?>
<!-- Generated by org.testng.reporters.JUnitReportReporter -->
<testsuite hostname="JuhiSingh_1511" failures="0" tests="4" name="dataprovider.ToLearnDataProvider" time="25.709" errors="0" timestamp="2024-10-24T13:12:23 IST" skipped="0">
  <testcase classname="dataprovider.ToLearnDataProvider" name="login" time="6.082"/>
  <system-out/>
  <testcase classname="dataprovider.ToLearnDataProvider" name="login" time="9.072"/>
  <system-out/>
  <testcase classname="dataprovider.ToLearnDataProvider" name="login" time="5.760"/>
  <system-out/>
  <testcase classname="dataprovider.ToLearnDataProvider" name="login" time="4.795"/>
  <system-out/>
</testsuite> <!-- dataprovider.ToLearnDataProvider -->
